<?xml version="1.0" encoding="UTF-8"?>
<testsuite xmlns:xsi="http://www.w3.org/2001/XMLSchema-instance" xsi:noNamespaceSchemaLocation="https://maven.apache.org/surefire/maven-surefire-plugin/xsd/surefire-test-report.xsd" version="3.0.2" name="com.example.GitHubRepoExtract.GitHubRepoExtractApplicationTests" time="1.898" tests="1" errors="0" skipped="0" failures="0">
  <properties>
[...]
</properties>
  <testcase name="contextLoads" classname="com.example.GitHubRepoExtract.GitHubRepoExtractApplicationTests" time="0.582">
    <system-out><![CDATA[13:50:06.562 [main] INFO org.springframework.test.context.support.AnnotationConfigContextLoaderUtils -- Could not detect default configuration classes for test class [com.example.GitHubRepoExtract.GitHubRepoExtractApplicationTests]: GitHubRepoExtractApplicationTests does not declare any static, non-private, non-final, nested classes annotated with @Configuration.
13:50:06.626 [main] INFO org.springframework.boot.test.context.SpringBootTestContextBootstrapper -- Found @SpringBootConfiguration com.example.GitHubRepoExtract.GitHubRepoExtractApplication for test class com.example.GitHubRepoExtract.GitHubRepoExtractApplicationTests

  .   ____          _            __ _ _
 /\\ / ___'_ __ _ _(_)_ __  __ _ \ \ \ \
( ( )\___ | '_ | '_| | '_ \/ _` | \ \ \ \
 \\/  ___)| |_)| | | | | || (_| |  ) ) ) )
  '  |____| .__|_| |_|_| |_\__, | / / / /
 =========|_|==============|___/=/_/_/_/

 :: Spring Boot ::                (v3.5.3)

2025-06-23T13:50:06.908+05:30  INFO 243168 --- [GitHubRepoExtract] [           main] c.e.G.GitHubRepoExtractApplicationTests  : Starting GitHubRepoExtractApplicationTests using Java 21.0.7 with PID 243168 (started by user1-metron in /home/user1-metron/IdeaProjects/GitHubRepoExtract)
2025-06-23T13:50:06.909+05:30 DEBUG 243168 --- [GitHubRepoExtract] [           main] c.e.G.GitHubRepoExtractApplicationTests  : Running with Spring Boot v3.5.3, Spring v6.2.8
2025-06-23T13:50:06.910+05:30  INFO 243168 --- [GitHubRepoExtract] [           main] c.e.G.GitHubRepoExtractApplicationTests  : No active profile set, falling back to 1 default profile: "default"
2025-06-23T13:50:07.386+05:30  INFO 243168 --- [GitHubRepoExtract] [           main] c.e.G.config.WebClientConfig             : Initializing WebClient with GitHub API base URL
2025-06-23T13:50:07.780+05:30  INFO 243168 --- [GitHubRepoExtract] [           main] c.e.G.GitHubRepoExtractApplicationTests  : Started GitHubRepoExtractApplicationTests in 1.074 seconds (process running for 1.603)
]]></system-out>
    <system-err><![CDATA[Mockito is currently self-attaching to enable the inline-mock-maker. This will no longer work in future releases of the JDK. Please add Mockito as an agent to your build as described in Mockito's documentation: https://javadoc.io/doc/org.mockito/mockito-core/latest/org.mockito/org/mockito/Mockito.html#0.3
WARNING: A Java agent has been loaded dynamically (/home/user1-metron/.m2/repository/net/bytebuddy/byte-buddy-agent/1.17.6/byte-buddy-agent-1.17.6.jar)
WARNING: If a serviceability tool is in use, please run with -XX:+EnableDynamicAgentLoading to hide this warning
WARNING: If a serviceability tool is not in use, please run with -Djdk.instrument.traceUsage for more information
WARNING: Dynamic loading of agents will be disallowed by default in a future release
]]></system-err>
  </testcase>
</testsuite>